20/06/2022 07:41:15 PM (rss_links) DEBUG - Parsing: http://addxorrol.blogspot.com/feeds/posts/default
20/06/2022 07:41:15 PM (rss_links) DEBUG - Parsing: http://adsecurity.org/?feed=rss2
20/06/2022 07:41:15 PM (rss_links) DEBUG - Parsing: http://blog.didierstevens.com/feed/
20/06/2022 07:41:15 PM (rss_links) DEBUG - Parsing: http://blogs.mcafee.com/category/mcafee-labs/feed
20/06/2022 07:41:15 PM (rss_links) DEBUG - Parsing: http://blog.strategiccyber.com/feed/
20/06/2022 07:41:15 PM (rss_links) DEBUG - Parsing: http://blog.reversinglabs.com/blog/rss.xml
20/06/2022 07:41:15 PM (rss_links) DEBUG - Parsing: http://carnal0wnage.blogspot.com/feeds/posts/default
20/06/2022 07:41:15 PM (rss_links) DEBUG - Parsing: http://countuponsecurity.com/feed/
20/06/2022 07:41:15 PM (rss_links) DEBUG - Parsing: http://feeds.feedburner.com/feedburner/Talos
20/06/2022 07:41:15 PM (rss_links) DEBUG - Parsing: http://feeds.feedburner.com/KrebsOnSecurity
20/06/2022 07:41:15 PM (rss_links) DEBUG - Parsing: http://feeds.feedburner.com/NakedSecurity
20/06/2022 07:41:15 PM (rss_links) DEBUG - Parsing: http://feeds.feedburner.com/TheHackersNews
20/06/2022 07:41:15 PM (rss_links) DEBUG - Parsing: http://feeds.trendmicro.com/Anti-MalwareBlog
20/06/2022 07:41:15 PM (rss_links) DEBUG - Parsing: http://findingbad.blogspot.com/feeds/posts/default
20/06/2022 07:41:15 PM (rss_links) DEBUG - Parsing: https://blog.menasec.net/feeds/posts/default
20/06/2022 07:41:15 PM (rss_links) DEBUG - Parsing: http://scarybeastsecurity.blogspot.com/feeds/posts/default
20/06/2022 07:41:15 PM (rss_links) DEBUG - Parsing: https://cyberwardog.blogspot.com/feeds/posts/default
20/06/2022 07:41:15 PM (rss_links) DEBUG - Parsing: https://dfir.it/atom.xml
20/06/2022 07:41:15 PM (rss_links) DEBUG - Parsing: http://seclists.org/rss/cert.rss
20/06/2022 07:41:15 PM (rss_links) DEBUG - Parsing: http://seclists.org/rss/microsoft.rss
20/06/2022 07:41:15 PM (rss_links) DEBUG - Parsing: http://securityaffairs.co/wordpress/feed
20/06/2022 07:41:15 PM (rss_links) DEBUG - Parsing: https://isc.sans.edu/rssfeed.xml
20/06/2022 07:41:15 PM (rss_links) DEBUG - Parsing: https://malware.news/latest.rss
20/06/2022 07:41:15 PM (rss_links) DEBUG - Parsing: https://oddvar.moe/feed/
20/06/2022 07:41:15 PM (rss_links) DEBUG - Parsing: https://posts.specterops.io/feed
20/06/2022 07:41:16 PM (rss_links) DEBUG - Parsing: https://www.cybereason.com/blog/rss.xml
20/06/2022 07:41:16 PM (rss_links) ERROR - Feed has no contents: http://blog.strategiccyber.com/feed/
20/06/2022 07:41:16 PM (rss_links) DEBUG - Parsing: https://www.fireeye.com/content/fireeye-www/en_US/blog/threat-research/_jcr_content.feed
20/06/2022 07:41:16 PM (rss_links) DEBUG - Parsing: https://www.n00py.io/feed/
20/06/2022 07:41:16 PM (rss_links) DEBUG - Parsing: https://www.redcanary.com/blog/feed/
20/06/2022 07:41:16 PM (rss_links) DEBUG - Parsing: https://zeltser.com/feed/
20/06/2022 07:41:16 PM (rss_links) DEBUG - Parsing: http://threatpost.com/feed
20/06/2022 07:41:16 PM (rss_links) ERROR - Feedparser has issues with: http://feeds.trendmicro.com/Anti-MalwareBlog: <unknown>:15:20: not well-formed (invalid token).
Returned 0 posts.
20/06/2022 07:41:16 PM (rss_links) DEBUG - Parsing: http://volatility-labs.blogspot.com/feeds/posts/default
20/06/2022 07:41:16 PM (rss_links) DEBUG - Parsing: http://windowsir.blogspot.com/feeds/posts/default
20/06/2022 07:41:16 PM (rss_links) DEBUG - Parsing: http://www.darkoperator.com/blog/rss.xml
20/06/2022 07:41:16 PM (rss_links) DEBUG - Parsing: http://www.darkreading.com/rss/all.xml
20/06/2022 07:41:17 PM (rss_links) DEBUG - Parsing: http://www.securelist.com/en/rss/allupdates
20/06/2022 07:41:17 PM (rss_links) DEBUG - Parsing: http://www.skullsecurity.org/blog/feed
20/06/2022 07:41:18 PM (rss_links) DEBUG - Parsing: http://zerosum0x0.blogspot.com/feeds/posts/default
20/06/2022 07:41:18 PM (rss_links) DEBUG - Parsing: http://www.hexacorn.com/blog/feed/
20/06/2022 07:41:18 PM (rss_links) DEBUG - Parsing: https://bohops.com/feed/
20/06/2022 07:41:18 PM (rss_links) DEBUG - Parsing: https://secureyourit.co.uk/wp/feed/
20/06/2022 07:41:19 PM (rss_links) DEBUG - Parsing: https://blog.xpnsec.com/rss/
20/06/2022 07:41:21 PM (rss_links) ERROR - Feedparser has issues with: https://dfir.it/atom.xml: document declared as us-ascii, but parsed as utf-8.
Returned 19 posts.
20/06/2022 07:41:21 PM (rss_links) DEBUG - Parsing: http://cyberforensicator.com/feed/
20/06/2022 07:41:21 PM (rss_links) DEBUG - Parsing: https://itm4n.github.io/feed.xml
20/06/2022 07:41:21 PM (rss_links) DEBUG - Parsing: https://www.trustedsec.com/feed/
20/06/2022 07:41:21 PM (rss_links) DEBUG - Parsing: https://m365internals.com/feed/
20/06/2022 07:41:21 PM (rss_links) DEBUG - Parsing: https://blog.badsectorlabs.com/feeds/all.atom.xml
20/06/2022 07:41:21 PM (rss_links) DEBUG - Parsing: https://digi.ninja/rss.xml
20/06/2022 07:41:21 PM (rss_links) ERROR - Feedparser has issues with: http://cyberforensicator.com/feed/: <urlopen error [Errno 11002] getaddrinfo failed>.
Returned 0 posts.
20/06/2022 07:41:21 PM (rss_links) ERROR - Feed has no contents: http://cyberforensicator.com/feed/
20/06/2022 07:41:21 PM (rss_links) DEBUG - Parsing: https://security-soup.net/feed/
20/06/2022 07:41:21 PM (rss_links) DEBUG - Parsing: https://www.inversecos.com/feeds/posts/default?alt=rss
20/06/2022 07:41:22 PM (rss_links) DEBUG - Parsing: http://o365blog.com/index.xml
20/06/2022 07:41:22 PM (rss_links) DEBUG - Parsing: https://www.lieben.nu/liebensraum/feed/
20/06/2022 07:41:30 PM (rss_links) ERROR - Feedparser has issues with: http://www.darkreading.com/rss/all.xml: document declared as us-ascii, but parsed as utf-8.
Returned 100 posts.
20/06/2022 07:41:33 PM (rss_links) ERROR - Feedparser has issues with: https://digi.ninja/rss.xml: text/html; charset=UTF-8 is not an XML media type.
Returned 156 posts.
20/06/2022 07:41:43 PM (rss_links) ERROR - 'link'
20/06/2022 07:41:43 PM (rss_links) ERROR - 'link'
20/06/2022 07:41:43 PM (rss_links) ERROR - 'link'
20/06/2022 07:41:45 PM (rss_links) INFO - Inserted 1314 Rss posts into DB
20/06/2022 07:42:48 PM (rss_links) DEBUG - Parsing: http://addxorrol.blogspot.com/feeds/posts/default
20/06/2022 07:42:48 PM (rss_links) DEBUG - Parsing: http://adsecurity.org/?feed=rss2
20/06/2022 07:42:48 PM (rss_links) DEBUG - Parsing: http://blog.didierstevens.com/feed/
20/06/2022 07:42:48 PM (rss_links) DEBUG - Parsing: http://blogs.mcafee.com/category/mcafee-labs/feed
20/06/2022 07:42:48 PM (rss_links) DEBUG - Parsing: http://blog.strategiccyber.com/feed/
20/06/2022 07:42:48 PM (rss_links) DEBUG - Parsing: http://blog.reversinglabs.com/blog/rss.xml
20/06/2022 07:42:48 PM (rss_links) DEBUG - Parsing: http://carnal0wnage.blogspot.com/feeds/posts/default
20/06/2022 07:42:48 PM (rss_links) DEBUG - Parsing: http://countuponsecurity.com/feed/
20/06/2022 07:42:48 PM (rss_links) DEBUG - Parsing: http://feeds.feedburner.com/feedburner/Talos
20/06/2022 07:42:48 PM (rss_links) DEBUG - Parsing: http://feeds.feedburner.com/KrebsOnSecurity
20/06/2022 07:42:48 PM (rss_links) DEBUG - Parsing: http://feeds.feedburner.com/NakedSecurity
20/06/2022 07:42:48 PM (rss_links) DEBUG - Parsing: http://feeds.feedburner.com/TheHackersNews
20/06/2022 07:42:48 PM (rss_links) DEBUG - Parsing: http://feeds.trendmicro.com/Anti-MalwareBlog
20/06/2022 07:42:48 PM (rss_links) DEBUG - Parsing: http://findingbad.blogspot.com/feeds/posts/default
20/06/2022 07:42:48 PM (rss_links) DEBUG - Parsing: https://blog.menasec.net/feeds/posts/default
20/06/2022 07:42:48 PM (rss_links) DEBUG - Parsing: http://scarybeastsecurity.blogspot.com/feeds/posts/default
20/06/2022 07:42:48 PM (rss_links) DEBUG - Parsing: https://cyberwardog.blogspot.com/feeds/posts/default
20/06/2022 07:42:48 PM (rss_links) DEBUG - Parsing: https://dfir.it/atom.xml
20/06/2022 07:42:48 PM (rss_links) DEBUG - Parsing: http://seclists.org/rss/cert.rss
20/06/2022 07:42:48 PM (rss_links) DEBUG - Parsing: http://seclists.org/rss/microsoft.rss
20/06/2022 07:42:48 PM (rss_links) DEBUG - Parsing: http://securityaffairs.co/wordpress/feed
20/06/2022 07:42:48 PM (rss_links) DEBUG - Parsing: https://isc.sans.edu/rssfeed.xml
20/06/2022 07:42:48 PM (rss_links) DEBUG - Parsing: https://malware.news/latest.rss
20/06/2022 07:42:48 PM (rss_links) DEBUG - Parsing: https://oddvar.moe/feed/
20/06/2022 07:42:48 PM (rss_links) DEBUG - Parsing: https://posts.specterops.io/feed
20/06/2022 07:42:48 PM (rss_links) ERROR - Feed has no contents: http://blog.strategiccyber.com/feed/
20/06/2022 07:42:49 PM (rss_links) DEBUG - Parsing: https://www.cybereason.com/blog/rss.xml
20/06/2022 07:42:49 PM (rss_links) DEBUG - Parsing: https://www.fireeye.com/content/fireeye-www/en_US/blog/threat-research/_jcr_content.feed
20/06/2022 07:42:49 PM (rss_links) ERROR - Feedparser has issues with: http://feeds.trendmicro.com/Anti-MalwareBlog: <unknown>:15:20: not well-formed (invalid token).
Returned 0 posts.
20/06/2022 07:42:49 PM (rss_links) DEBUG - Parsing: https://www.n00py.io/feed/
20/06/2022 07:42:49 PM (rss_links) DEBUG - Parsing: https://www.redcanary.com/blog/feed/
20/06/2022 07:42:49 PM (rss_links) DEBUG - Parsing: https://zeltser.com/feed/
20/06/2022 07:42:50 PM (rss_links) DEBUG - Parsing: http://threatpost.com/feed
20/06/2022 07:42:50 PM (rss_links) DEBUG - Parsing: http://volatility-labs.blogspot.com/feeds/posts/default
20/06/2022 07:42:50 PM (rss_links) ERROR - Feedparser has issues with: https://dfir.it/atom.xml: document declared as us-ascii, but parsed as utf-8.
Returned 19 posts.
20/06/2022 07:42:50 PM (rss_links) DEBUG - Parsing: http://windowsir.blogspot.com/feeds/posts/default
20/06/2022 07:42:50 PM (rss_links) DEBUG - Parsing: http://www.darkoperator.com/blog/rss.xml
20/06/2022 07:42:50 PM (rss_links) DEBUG - Parsing: http://www.darkreading.com/rss/all.xml
20/06/2022 07:42:50 PM (rss_links) DEBUG - Parsing: http://www.securelist.com/en/rss/allupdates
20/06/2022 07:42:51 PM (rss_links) DEBUG - Parsing: http://www.skullsecurity.org/blog/feed
20/06/2022 07:42:51 PM (rss_links) DEBUG - Parsing: http://zerosum0x0.blogspot.com/feeds/posts/default
20/06/2022 07:42:52 PM (rss_links) DEBUG - Parsing: http://www.hexacorn.com/blog/feed/
20/06/2022 07:42:52 PM (rss_links) DEBUG - Parsing: https://bohops.com/feed/
20/06/2022 07:42:52 PM (rss_links) DEBUG - Parsing: https://secureyourit.co.uk/wp/feed/
20/06/2022 07:42:53 PM (rss_links) DEBUG - Parsing: https://blog.xpnsec.com/rss/
20/06/2022 07:42:55 PM (rss_links) DEBUG - Parsing: http://cyberforensicator.com/feed/
20/06/2022 07:42:56 PM (rss_links) ERROR - Feedparser has issues with: http://cyberforensicator.com/feed/: <urlopen error [Errno 11002] getaddrinfo failed>.
Returned 0 posts.
20/06/2022 07:42:56 PM (rss_links) ERROR - Feed has no contents: http://cyberforensicator.com/feed/
20/06/2022 07:42:56 PM (rss_links) DEBUG - Parsing: https://itm4n.github.io/feed.xml
20/06/2022 07:42:56 PM (rss_links) DEBUG - Parsing: https://www.trustedsec.com/feed/
20/06/2022 07:42:57 PM (rss_links) DEBUG - Parsing: https://m365internals.com/feed/
20/06/2022 07:42:58 PM (rss_links) DEBUG - Parsing: https://blog.badsectorlabs.com/feeds/all.atom.xml
20/06/2022 07:43:00 PM (rss_links) DEBUG - Parsing: https://digi.ninja/rss.xml
20/06/2022 07:43:02 PM (rss_links) DEBUG - Parsing: https://security-soup.net/feed/
20/06/2022 07:43:03 PM (rss_links) DEBUG - Parsing: https://www.inversecos.com/feeds/posts/default?alt=rss
20/06/2022 07:43:03 PM (rss_links) DEBUG - Parsing: http://o365blog.com/index.xml
20/06/2022 07:43:05 PM (rss_links) DEBUG - Parsing: https://www.lieben.nu/liebensraum/feed/
20/06/2022 07:43:07 PM (rss_links) ERROR - Feedparser has issues with: https://digi.ninja/rss.xml: text/html; charset=UTF-8 is not an XML media type.
Returned 156 posts.
20/06/2022 07:43:07 PM (rss_links) ERROR - Feedparser has issues with: http://www.darkreading.com/rss/all.xml: document declared as us-ascii, but parsed as utf-8.
Returned 100 posts.
20/06/2022 07:43:14 PM (rss_links) ERROR - 'link'
20/06/2022 07:43:14 PM (rss_links) ERROR - 'link'
20/06/2022 07:43:14 PM (rss_links) ERROR - 'link'
20/06/2022 07:43:14 PM (rss_links) INFO - Inserted 1314 Rss posts into DB
20/06/2022 07:44:27 PM (connectionpool) DEBUG - Starting new HTTPS connection (1): www.reddit.com:443
20/06/2022 07:44:27 PM (connectionpool) DEBUG - https://www.reddit.com:443 "POST /api/v1/access_token HTTP/1.1" 200 110
20/06/2022 07:44:29 PM (connectionpool) DEBUG - Starting new HTTPS connection (1): oauth.reddit.com:443
20/06/2022 07:44:30 PM (connectionpool) DEBUG - https://oauth.reddit.com:443 "GET /r/Netsec/new/.json?sort=new&show=all&t=all&limit=100 HTTP/1.1" 200 24968
20/06/2022 07:44:30 PM (reddit_links) DEBUG - Netsec returned 100 entries
